mode: set
github.com/perimeterx/envite/api.go:36.59,44.2 7 1
github.com/perimeterx/envite/api.go:76.62,78.16 2 1
github.com/perimeterx/envite/api.go:78.16,80.3 1 0
github.com/perimeterx/envite/api.go:82.2,84.16 3 1
github.com/perimeterx/envite/api.go:84.16,86.3 1 0
github.com/perimeterx/envite/api.go:88.2,88.19 1 1
github.com/perimeterx/envite/api.go:88.19,90.3 1 1
github.com/perimeterx/envite/api.go:91.2,92.20 2 1
github.com/perimeterx/envite/api.go:95.88,97.16 2 1
github.com/perimeterx/envite/api.go:97.16,100.3 2 0
github.com/perimeterx/envite/api.go:102.2,102.50 1 1
github.com/perimeterx/envite/api.go:115.88,117.46 2 1
github.com/perimeterx/envite/api.go:117.46,119.3 1 0
github.com/perimeterx/envite/api.go:121.2,122.16 2 1
github.com/perimeterx/envite/api.go:122.16,125.3 2 0
github.com/perimeterx/envite/api.go:127.2,127.47 1 1
github.com/perimeterx/envite/api.go:140.90,142.46 2 1
github.com/perimeterx/envite/api.go:142.46,144.3 1 0
github.com/perimeterx/envite/api.go:146.2,147.16 2 1
github.com/perimeterx/envite/api.go:147.16,150.3 2 0
github.com/perimeterx/envite/api.go:152.2,152.18 1 1
github.com/perimeterx/envite/api.go:152.18,154.17 2 1
github.com/perimeterx/envite/api.go:154.17,157.4 2 0
github.com/perimeterx/envite/api.go:160.2,160.47 1 1
github.com/perimeterx/envite/api.go:173.88,175.46 2 1
github.com/perimeterx/envite/api.go:175.46,177.3 1 0
github.com/perimeterx/envite/api.go:179.2,180.16 2 1
github.com/perimeterx/envite/api.go:180.16,183.3 2 1
github.com/perimeterx/envite/api.go:185.2,185.47 1 1
github.com/perimeterx/envite/api.go:198.87,200.46 2 1
github.com/perimeterx/envite/api.go:200.46,202.3 1 0
github.com/perimeterx/envite/api.go:204.2,205.16 2 1
github.com/perimeterx/envite/api.go:205.16,208.3 2 1
github.com/perimeterx/envite/api.go:210.2,210.47 1 1
github.com/perimeterx/envite/api.go:219.88,225.6 4 1
github.com/perimeterx/envite/api.go:225.6,226.10 1 1
github.com/perimeterx/envite/api.go:227.21,229.18 2 0
github.com/perimeterx/envite/api.go:229.18,230.42 1 0
github.com/perimeterx/envite/api.go:230.42,232.6 1 0
github.com/perimeterx/envite/api.go:233.5,233.13 1 0
github.com/perimeterx/envite/api.go:235.4,235.42 1 0
github.com/perimeterx/envite/api.go:235.42,237.5 1 0
github.com/perimeterx/envite/api.go:238.35,240.18 2 1
github.com/perimeterx/envite/api.go:240.18,241.42 1 0
github.com/perimeterx/envite/api.go:241.42,243.6 1 0
github.com/perimeterx/envite/api.go:245.4,245.10 1 1
github.com/perimeterx/envite/api.go:252.99,253.73 1 1
github.com/perimeterx/envite/api.go:253.73,256.3 2 0
github.com/perimeterx/envite/api.go:258.2,258.15 1 1
github.com/perimeterx/envite/api.go:258.15,260.3 1 1
github.com/perimeterx/envite/api.go:261.2,262.16 2 1
github.com/perimeterx/envite/api.go:262.16,265.3 2 0
github.com/perimeterx/envite/api.go:267.2,268.16 2 1
github.com/perimeterx/envite/api.go:268.16,271.3 2 0
github.com/perimeterx/envite/api.go:273.2,273.13 1 1
github.com/perimeterx/envite/api.go:282.85,283.67 1 1
github.com/perimeterx/envite/api.go:283.67,285.3 1 1
github.com/perimeterx/envite/api.go:286.2,292.16 6 1
github.com/perimeterx/envite/api.go:292.16,295.3 2 0
github.com/perimeterx/envite/api.go:297.2,298.16 2 1
github.com/perimeterx/envite/api.go:298.16,299.40 1 0
github.com/perimeterx/envite/api.go:299.40,301.4 1 0
github.com/perimeterx/envite/api.go:306.83,308.17 2 1
github.com/perimeterx/envite/api.go:308.17,310.3 1 1
github.com/perimeterx/envite/api.go:310.8,313.17 3 1
github.com/perimeterx/envite/api.go:313.17,321.4 2 0
github.com/perimeterx/envite/api.go:324.2,328.16 5 1
github.com/perimeterx/envite/api.go:328.16,330.3 1 0
github.com/perimeterx/envite/api.go:334.78,337.2 2 1
github.com/perimeterx/envite/api.go:340.66,345.2 4 1
github.com/perimeterx/envite/api.go:356.34,360.2 1 1
github.com/perimeterx/envite/api.go:363.71,365.37 2 1
github.com/perimeterx/envite/api.go:365.37,367.3 1 1
github.com/perimeterx/envite/api.go:368.2,369.16 2 1
github.com/perimeterx/envite/api.go:369.16,372.3 2 1
github.com/perimeterx/envite/api.go:372.8,374.3 1 1
github.com/perimeterx/envite/component_graph.go:34.42,36.2 1 1
github.com/perimeterx/envite/component_graph.go:59.84,60.25 1 1
github.com/perimeterx/envite/component_graph.go:60.25,62.3 1 1
github.com/perimeterx/envite/component_graph.go:63.2,63.10 1 1
github.com/perimeterx/envite/environment.go:28.105,29.14 1 1
github.com/perimeterx/envite/environment.go:29.14,31.3 1 1
github.com/perimeterx/envite/environment.go:33.2,33.27 1 1
github.com/perimeterx/envite/environment.go:33.27,35.3 1 1
github.com/perimeterx/envite/environment.go:37.2,47.50 4 1
github.com/perimeterx/envite/environment.go:47.50,48.45 1 1
github.com/perimeterx/envite/environment.go:48.45,49.25 1 1
github.com/perimeterx/envite/environment.go:49.25,51.5 1 1
github.com/perimeterx/envite/environment.go:52.4,52.80 1 1
github.com/perimeterx/envite/environment.go:52.80,54.5 1 0
github.com/perimeterx/envite/environment.go:56.4,57.14 2 1
github.com/perimeterx/envite/environment.go:57.14,59.5 1 1
github.com/perimeterx/envite/environment.go:61.4,62.18 2 1
github.com/perimeterx/envite/environment.go:62.18,64.5 1 0
github.com/perimeterx/envite/environment.go:66.4,66.45 1 1
github.com/perimeterx/envite/environment.go:70.2,70.33 1 1
github.com/perimeterx/envite/environment.go:70.33,72.3 1 1
github.com/perimeterx/envite/environment.go:73.2,73.21 1 1
github.com/perimeterx/envite/environment.go:73.21,74.37 1 1
github.com/perimeterx/envite/environment.go:74.38,74.39 0 1
github.com/perimeterx/envite/environment.go:77.2,77.15 1 1
github.com/perimeterx/envite/environment.go:81.48,83.45 2 1
github.com/perimeterx/envite/environment.go:83.45,85.3 1 1
github.com/perimeterx/envite/environment.go:86.2,86.15 1 1
github.com/perimeterx/envite/environment.go:92.86,95.41 3 1
github.com/perimeterx/envite/environment.go:95.41,97.3 1 1
github.com/perimeterx/envite/environment.go:98.2,99.16 2 1
github.com/perimeterx/envite/environment.go:99.16,101.3 1 1
github.com/perimeterx/envite/environment.go:103.2,104.12 2 1
github.com/perimeterx/envite/environment.go:109.59,112.35 3 1
github.com/perimeterx/envite/environment.go:112.35,114.3 1 1
github.com/perimeterx/envite/environment.go:115.2,116.16 2 1
github.com/perimeterx/envite/environment.go:116.16,118.3 1 0
github.com/perimeterx/envite/environment.go:120.2,121.12 2 1
github.com/perimeterx/envite/environment.go:126.58,128.46 2 1
github.com/perimeterx/envite/environment.go:128.46,131.36 3 1
github.com/perimeterx/envite/environment.go:131.36,134.22 3 1
github.com/perimeterx/envite/environment.go:134.22,137.19 3 1
github.com/perimeterx/envite/environment.go:137.19,139.6 1 0
github.com/perimeterx/envite/environment.go:141.5,141.15 1 1
github.com/perimeterx/envite/environment.go:144.3,145.17 2 1
github.com/perimeterx/envite/environment.go:145.17,147.4 1 0
github.com/perimeterx/envite/environment.go:150.2,151.12 2 1
github.com/perimeterx/envite/environment.go:157.85,159.16 2 1
github.com/perimeterx/envite/environment.go:159.16,161.3 1 1
github.com/perimeterx/envite/environment.go:163.2,164.16 2 1
github.com/perimeterx/envite/environment.go:164.16,166.3 1 0
github.com/perimeterx/envite/environment.go:168.2,168.75 1 1
github.com/perimeterx/envite/environment.go:168.75,170.3 1 0
github.com/perimeterx/envite/environment.go:172.2,174.16 3 1
github.com/perimeterx/envite/environment.go:174.16,176.3 1 0
github.com/perimeterx/envite/environment.go:178.2,180.16 3 1
github.com/perimeterx/envite/environment.go:180.16,182.3 1 0
github.com/perimeterx/envite/environment.go:184.2,185.12 2 1
github.com/perimeterx/envite/environment.go:190.84,192.16 2 1
github.com/perimeterx/envite/environment.go:192.16,194.3 1 1
github.com/perimeterx/envite/environment.go:196.2,198.16 3 1
github.com/perimeterx/envite/environment.go:198.16,200.3 1 0
github.com/perimeterx/envite/environment.go:202.2,203.12 2 1
github.com/perimeterx/envite/environment.go:207.78,209.37 2 1
github.com/perimeterx/envite/environment.go:209.37,211.36 2 1
github.com/perimeterx/envite/environment.go:211.36,213.18 2 1
github.com/perimeterx/envite/environment.go:213.18,215.5 1 0
github.com/perimeterx/envite/environment.go:217.4,218.18 2 1
github.com/perimeterx/envite/environment.go:218.18,220.5 1 0
github.com/perimeterx/envite/environment.go:222.4,227.6 1 1
github.com/perimeterx/envite/environment.go:234.3,234.46 1 1
github.com/perimeterx/envite/environment.go:234.46,236.4 1 0
github.com/perimeterx/envite/environment.go:238.3,238.36 1 1
github.com/perimeterx/envite/environment.go:240.2,240.20 1 1
github.com/perimeterx/envite/environment.go:244.40,246.2 1 1
github.com/perimeterx/envite/environment.go:250.58,253.37 3 1
github.com/perimeterx/envite/environment.go:253.37,254.36 1 1
github.com/perimeterx/envite/environment.go:254.36,257.22 3 1
github.com/perimeterx/envite/environment.go:257.22,260.19 3 1
github.com/perimeterx/envite/environment.go:260.19,262.6 1 0
github.com/perimeterx/envite/environment.go:264.5,264.15 1 1
github.com/perimeterx/envite/environment.go:268.2,269.16 2 1
github.com/perimeterx/envite/environment.go:269.16,271.3 1 0
github.com/perimeterx/envite/environment.go:273.2,274.12 2 1
github.com/perimeterx/envite/environment.go:277.97,279.16 2 1
github.com/perimeterx/envite/environment.go:279.16,281.3 1 0
github.com/perimeterx/envite/environment.go:283.2,283.37 1 1
github.com/perimeterx/envite/environment.go:283.37,285.36 2 1
github.com/perimeterx/envite/environment.go:285.36,289.10 4 1
github.com/perimeterx/envite/environment.go:289.10,290.23 1 1
github.com/perimeterx/envite/environment.go:290.23,292.20 2 1
github.com/perimeterx/envite/environment.go:292.20,294.7 1 0
github.com/perimeterx/envite/environment.go:296.6,296.79 1 1
github.com/perimeterx/envite/environment.go:296.79,298.7 1 1
github.com/perimeterx/envite/environment.go:300.6,302.20 3 1
github.com/perimeterx/envite/environment.go:302.20,304.7 1 1
github.com/perimeterx/envite/environment.go:306.6,307.16 2 1
github.com/perimeterx/envite/environment.go:309.10,310.23 1 1
github.com/perimeterx/envite/environment.go:310.23,313.20 3 1
github.com/perimeterx/envite/environment.go:313.20,315.7 1 1
github.com/perimeterx/envite/environment.go:317.6,318.16 2 1
github.com/perimeterx/envite/environment.go:322.3,323.17 2 1
github.com/perimeterx/envite/environment.go:323.17,325.4 1 1
github.com/perimeterx/envite/environment.go:327.2,327.12 1 1
github.com/perimeterx/envite/environment.go:330.99,332.37 2 1
github.com/perimeterx/envite/environment.go:332.37,333.36 1 1
github.com/perimeterx/envite/environment.go:333.36,335.11 2 1
github.com/perimeterx/envite/environment.go:335.11,336.13 1 1
github.com/perimeterx/envite/environment.go:338.4,340.22 3 1
github.com/perimeterx/envite/environment.go:340.22,342.19 2 1
github.com/perimeterx/envite/environment.go:342.19,344.6 1 0
github.com/perimeterx/envite/environment.go:346.5,346.78 1 1
github.com/perimeterx/envite/environment.go:346.78,348.6 1 1
github.com/perimeterx/envite/environment.go:350.5,352.19 3 1
github.com/perimeterx/envite/environment.go:352.19,354.6 1 0
github.com/perimeterx/envite/environment.go:356.5,357.15 2 1
github.com/perimeterx/envite/environment.go:361.2,361.17 1 1
github.com/perimeterx/envite/environment.go:364.76,366.22 2 1
github.com/perimeterx/envite/environment.go:366.22,368.3 1 1
github.com/perimeterx/envite/environment.go:369.2,369.23 1 1
github.com/perimeterx/envite/environment.go:386.47,388.2 1 1
github.com/perimeterx/envite/exec.go:31.38,36.2 1 1
github.com/perimeterx/envite/exec.go:40.62,41.15 1 1
github.com/perimeterx/envite/exec.go:42.15,43.33 1 1
github.com/perimeterx/envite/exec.go:44.14,45.32 1 1
github.com/perimeterx/envite/exec.go:46.20,47.34 1 1
github.com/perimeterx/envite/exec.go:49.2,49.46 1 1
github.com/perimeterx/envite/exec.go:55.65,56.23 1 1
github.com/perimeterx/envite/exec.go:57.26,58.51 1 1
github.com/perimeterx/envite/exec.go:59.25,61.17 2 1
github.com/perimeterx/envite/exec.go:61.17,63.4 1 0
github.com/perimeterx/envite/exec.go:65.3,65.50 1 1
github.com/perimeterx/envite/exec.go:66.27,68.24 2 0
github.com/perimeterx/envite/exec.go:70.2,70.58 1 0
github.com/perimeterx/envite/exec.go:82.49,84.2 1 1
github.com/perimeterx/envite/io.go:27.40,29.2 1 1
github.com/perimeterx/envite/io.go:32.71,37.35 5 1
github.com/perimeterx/envite/io.go:37.35,39.3 1 0
github.com/perimeterx/envite/io.go:43.42,50.12 5 1
github.com/perimeterx/envite/io.go:50.12,51.36 1 1
github.com/perimeterx/envite/io.go:51.36,53.4 1 1
github.com/perimeterx/envite/io.go:56.2,58.24 3 1
github.com/perimeterx/envite/io.go:58.24,61.37 3 1
github.com/perimeterx/envite/io.go:61.37,62.25 1 1
github.com/perimeterx/envite/io.go:62.25,65.5 2 1
github.com/perimeterx/envite/io.go:69.2,69.15 1 1
github.com/perimeterx/envite/io.go:73.58,78.2 1 1
github.com/perimeterx/envite/io.go:87.37,89.2 1 1
github.com/perimeterx/envite/io.go:92.32,95.2 2 1
github.com/perimeterx/envite/io.go:111.40,113.2 1 1
github.com/perimeterx/envite/io.go:116.61,118.2 1 1
github.com/perimeterx/envite/io.go:121.46,123.2 1 1
github.com/perimeterx/envite/io.go:126.67,127.40 1 1
github.com/perimeterx/envite/io.go:127.40,129.3 1 1
github.com/perimeterx/envite/io.go:130.2,130.38 1 1
github.com/perimeterx/envite/io.go:130.38,132.3 1 1
github.com/perimeterx/envite/io.go:133.2,133.48 1 1
github.com/perimeterx/envite/io.go:140.41,142.2 1 1
github.com/perimeterx/envite/io.go:145.43,147.2 1 1
github.com/perimeterx/envite/io.go:150.44,152.2 1 1
github.com/perimeterx/envite/io.go:155.42,157.2 1 1
github.com/perimeterx/envite/io.go:160.45,162.2 1 1
github.com/perimeterx/envite/io.go:165.42,167.2 1 1
github.com/perimeterx/envite/options.go:30.35,31.11 1 1
github.com/perimeterx/envite/options.go:32.21,33.17 1 1
github.com/perimeterx/envite/options.go:34.21,35.17 1 1
github.com/perimeterx/envite/options.go:36.20,37.16 1 1
github.com/perimeterx/envite/options.go:38.21,39.17 1 1
github.com/perimeterx/envite/options.go:40.21,41.17 1 1
github.com/perimeterx/envite/options.go:43.2,43.15 1 0
github.com/perimeterx/envite/options.go:47.39,48.30 1 1
github.com/perimeterx/envite/options.go:48.30,50.3 1 1
github.com/perimeterx/envite/server.go:23.55,24.37 1 1
github.com/perimeterx/envite/server.go:24.37,26.3 1 1
github.com/perimeterx/envite/server.go:28.2,34.10 5 1
github.com/perimeterx/envite/server.go:38.32,40.57 2 0
github.com/perimeterx/envite/server.go:40.57,42.3 1 0
github.com/perimeterx/envite/server.go:43.2,43.12 1 0
github.com/perimeterx/envite/server.go:47.32,50.2 2 0
